#
# There is insufficient memory for the Java Runtime Environment to continue.
# Native memory allocation (malloc) failed to allocate 1063136 bytes for Chunk::new
# Possible reasons:
#   The system is out of physical RAM or swap space
#   The process is running with CompressedOops enabled, and the Java Heap may be blocking the growth of the native heap
# Possible solutions:
#   Reduce memory load on the system
#   Increase physical memory or swap space
#   Check if swap backing store is full
#   Decrease Java heap size (-Xmx/-Xms)
#   Decrease number of Java threads
#   Decrease Java thread stack sizes (-Xss)
#   Set larger code cache with -XX:ReservedCodeCacheSize=
#   JVM is running with Zero Based Compressed Oops mode in which the Java heap is
#     placed in the first 32GB address space. The Java Heap base address is the
#     maximum limit for the native heap growth. Please use -XX:HeapBaseMinAddress
#     to set the Java Heap base and to place the Java Heap above 32GB virtual address.
# This output file may be truncated or incomplete.
#
#  Out of Memory Error (allocation.cpp:389), pid=12060, tid=0x00000000000028ac
#
# JRE version: Java(TM) SE Runtime Environment (8.0_331-b09) (build 1.8.0_331-b09)
# Java VM: Java HotSpot(TM) 64-Bit Server VM (25.331-b09 mixed mode windows-amd64 compressed oops)
# Failed to write core dump. Minidumps are not enabled by default on client versions of Windows
#

---------------  T H R E A D  ---------------

Current thread (0x000001c63fbf7000):  JavaThread "C2 CompilerThread0" daemon [_thread_in_native, id=10412, stack(0x0000004de4700000,0x0000004de4800000)]

Stack: [0x0000004de4700000,0x0000004de4800000]
Native frames: (J=compiled Java code, j=interpreted, Vv=VM code, C=native code)
V  [jvm.dll+0x32fc49]
V  [jvm.dll+0x2761a2]
V  [jvm.dll+0x276e4d]
V  [jvm.dll+0x26d7f5]
V  [jvm.dll+0xd5a0c]
V  [jvm.dll+0xd620c]
V  [jvm.dll+0x4541c2]
V  [jvm.dll+0x48f27d]
V  [jvm.dll+0x443e51]
V  [jvm.dll+0x440ffb]
V  [jvm.dll+0x42becb]
V  [jvm.dll+0xac68b]
V  [jvm.dll+0xaaceb]
V  [jvm.dll+0x23e6f2]
V  [jvm.dll+0x292edc]
C  [ucrtbase.dll+0x60690]
C  [KERNEL32.DLL+0x11f87]
C  [ntdll.dll+0x3e120]


Current CompileTask:
C2:  10060 3089       4       java.net.URLClassLoader$1::run (5 bytes)


---------------  P R O C E S S  ---------------

Java Threads: ( => current thread )
  0x000001c63fc77000 JavaThread "Service Thread" daemon [_thread_blocked, id=20344, stack(0x0000004de4a00000,0x0000004de4b00000)]
  0x000001c63fbff800 JavaThread "C1 CompilerThread2" daemon [_thread_in_vm, id=27376, stack(0x0000004de4900000,0x0000004de4a00000)]
  0x000001c63fbfd800 JavaThread "C2 CompilerThread1" daemon [_thread_in_native, id=17024, stack(0x0000004de4800000,0x0000004de4900000)]
=>0x000001c63fbf7000 JavaThread "C2 CompilerThread0" daemon [_thread_in_native, id=10412, stack(0x0000004de4700000,0x0000004de4800000)]
  0x000001c63fbf4000 JavaThread "Attach Listener" daemon [_thread_blocked, id=27248, stack(0x0000004de4600000,0x0000004de4700000)]
  0x000001c63fbf3000 JavaThread "Signal Dispatcher" daemon [_thread_blocked, id=17364, stack(0x0000004de4500000,0x0000004de4600000)]
  0x000001c63fbcd000 JavaThread "Finalizer" daemon [_thread_blocked, id=25480, stack(0x0000004de4400000,0x0000004de4500000)]
  0x000001c63f47e000 JavaThread "Reference Handler" daemon [_thread_blocked, id=10044, stack(0x0000004de4300000,0x0000004de4400000)]
  0x000001c624840800 JavaThread "main" [_thread_blocked, id=14572, stack(0x0000004de3d00000,0x0000004de3e00000)]

Other Threads:
  0x000001c63fba3800 VMThread [stack: 0x0000004de4200000,0x0000004de4300000] [id=25636]
  0x000001c63fca4000 WatcherThread [stack: 0x0000004de4b00000,0x0000004de4c00000] [id=13324]

VM state:not at safepoint (normal execution)

VM Mutex/Monitor currently owned by a thread:  ([mutex/lock_event])
[0x000001c624827520] CodeCache_lock - owner thread: 0x000001c63fbff800
[0x000001c62483dea0] Compile_lock - owner thread: 0x000001c63fbff800
[0x000001c62483c5a0] MethodCompileQueue_lock - owner thread: 0x000001c63fbff800

heap address: 0x00000006c1000000, size: 4080 MB, Compressed Oops mode: Zero based, Oop shift amount: 3
Narrow klass base: 0x0000000000000000, Narrow klass shift: 3
Compressed class space size: 1073741824 Address: 0x00000007c0000000

Heap:
 PSYoungGen      total 76288K, used 66826K [0x000000076b000000, 0x0000000770500000, 0x00000007c0000000)
  eden space 65536K, 87% used [0x000000076b000000,0x000000076e7d6b50,0x000000076f000000)
  from space 10752K, 89% used [0x000000076fa80000,0x00000007703ebeb0,0x0000000770500000)
  to   space 10752K, 0% used [0x000000076f000000,0x000000076f000000,0x000000076fa80000)
 ParOldGen       total 175104K, used 203K [0x00000006c1000000, 0x00000006cbb00000, 0x000000076b000000)
  object space 175104K, 0% used [0x00000006c1000000,0x00000006c1032e50,0x00000006cbb00000)
 Metaspace       used 17671K, capacity 18048K, committed 18176K, reserved 1064960K
  class space    used 2124K, capacity 2223K, committed 2304K, reserved 1048576K

Card table byte_map: [0x000001c6356b0000,0x000001c635eb0000] byte_map_base: 0x000001c6320a8000

Marking Bits: (ParMarkBitMap*) 0x00000000561a9030
 Begin Bits: [0x000001c636400000, 0x000001c63a3c0000)
 End Bits:   [0x000001c63a3c0000, 0x000001c63e380000)

Polling page: 0x000001c6249e0000

CodeCache: size=245760Kb used=10967Kb max_used=10967Kb free=234792Kb
 bounds [0x000001c6262f0000, 0x000001c626db0000, 0x000001c6352f0000]
 total_blobs=3491 nmethods=3143 adapters=259
 compilation: enabled

Compilation events (10 events):
Event: 6.980 Thread 0x000001c63fbff800 nmethod 3112 0x000001c626d9a810 code [0x000001c626d9ab60, 0x000001c626d9c8b0]
Event: 6.980 Thread 0x000001c63fbff800 3118       1       com.google.common.cache.LocalCache$StrongEntry::setValueReference (6 bytes)
Event: 6.980 Thread 0x000001c63fbff800 nmethod 3118 0x000001c626d47ed0 code [0x000001c626d48020, 0x000001c626d48158]
Event: 6.980 Thread 0x000001c63fbff800 3113       3       com.google.inject.internal.util.Classes::isConcrete (25 bytes)
Event: 6.980 Thread 0x000001c63fbff800 nmethod 3113 0x000001c626d9d750 code [0x000001c626d9d8e0, 0x000001c626d9dce0]
Event: 6.981 Thread 0x000001c63fbff800 3114       3       com.google.inject.internal.BindingProcessor::visit (6 bytes)
Event: 6.981 Thread 0x000001c63fbff800 nmethod 3114 0x000001c626d9de10 code [0x000001c626d9df80, 0x000001c626d9e190]
Event: 6.981 Thread 0x000001c63fbff800 3115       3       com.google.inject.internal.BindingProcessor::visit (109 bytes)
Event: 7.987 Thread 0x000001c63fbff800 nmethod 3115 0x000001c626d9e210 code [0x000001c626d9e540, 0x000001c626da02c0]
Event: 7.987 Thread 0x000001c63fbff800 3117       3       com.google.inject.internal.ProvisionListenerStackCallback::hasListeners (14 bytes)

GC Heap History (4 events):
Event: 2.890 GC heap before
{Heap before GC invocations=1 (full 0):
 PSYoungGen      total 76288K, used 65536K [0x000000076b000000, 0x0000000770500000, 0x00000007c0000000)
  eden space 65536K, 100% used [0x000000076b000000,0x000000076f000000,0x000000076f000000)
  from space 10752K, 0% used [0x000000076fa80000,0x000000076fa80000,0x0000000770500000)
  to   space 10752K, 0% used [0x000000076f000000,0x000000076f000000,0x000000076fa80000)
 ParOldGen       total 175104K, used 0K [0x00000006c1000000, 0x00000006cbb00000, 0x000000076b000000)
  object space 175104K, 0% used [0x00000006c1000000,0x00000006c1000000,0x00000006cbb00000)
 Metaspace       used 11889K, capacity 12098K, committed 12416K, reserved 1060864K
  class space    used 1479K, capacity 1576K, committed 1664K, reserved 1048576K
Event: 2.902 GC heap after
Heap after GC invocations=1 (full 0):
 PSYoungGen      total 76288K, used 10727K [0x000000076b000000, 0x0000000770500000, 0x00000007c0000000)
  eden space 65536K, 0% used [0x000000076b000000,0x000000076b000000,0x000000076f000000)
  from space 10752K, 99% used [0x000000076f000000,0x000000076fa79d68,0x000000076fa80000)
  to   space 10752K, 0% used [0x000000076fa80000,0x000000076fa80000,0x0000000770500000)
 ParOldGen       total 175104K, used 195K [0x00000006c1000000, 0x00000006cbb00000, 0x000000076b000000)
  object space 175104K, 0% used [0x00000006c1000000,0x00000006c1030e50,0x00000006cbb00000)
 Metaspace       used 11889K, capacity 12098K, committed 12416K, reserved 1060864K
  class space    used 1479K, capacity 1576K, committed 1664K, reserved 1048576K
}
Event: 4.516 GC heap before
{Heap before GC invocations=2 (full 0):
 PSYoungGen      total 76288K, used 76263K [0x000000076b000000, 0x0000000770500000, 0x00000007c0000000)
  eden space 65536K, 100% used [0x000000076b000000,0x000000076f000000,0x000000076f000000)
  from space 10752K, 99% used [0x000000076f000000,0x000000076fa79d68,0x000000076fa80000)
  to   space 10752K, 0% used [0x000000076fa80000,0x000000076fa80000,0x0000000770500000)
 ParOldGen       total 175104K, used 195K [0x00000006c1000000, 0x00000006cbb00000, 0x000000076b000000)
  object space 175104K, 0% used [0x00000006c1000000,0x00000006c1030e50,0x00000006cbb00000)
 Metaspace       used 15726K, capacity 16048K, committed 16384K, reserved 1062912K
  class space    used 1877K, capacity 1983K, committed 2048K, reserved 1048576K
Event: 4.525 GC heap after
Heap after GC invocations=2 (full 0):
 PSYoungGen      total 76288K, used 9647K [0x000000076b000000, 0x0000000770500000, 0x00000007c0000000)
  eden space 65536K, 0% used [0x000000076b000000,0x000000076b000000,0x000000076f000000)
  from space 10752K, 89% used [0x000000076fa80000,0x00000007703ebeb0,0x0000000770500000)
  to   space 10752K, 0% used [0x000000076f000000,0x000000076f000000,0x000000076fa80000)
 ParOldGen       total 175104K, used 203K [0x00000006c1000000, 0x00000006cbb00000, 0x000000076b000000)
  object space 175104K, 0% used [0x00000006c1000000,0x00000006c1032e50,0x00000006cbb00000)
 Metaspace       used 15726K, capacity 16048K, committed 16384K, reserved 1062912K
  class space    used 1877K, capacity 1983K, committed 2048K, reserved 1048576K
}

Deoptimization events (10 events):
Event: 5.736 Thread 0x000001c624840800 Uncommon trap: reason=class_check action=maybe_recompile pc=0x000001c62684538c method=com.google.inject.internal.LinkedBindingImpl.acceptTargetVisitor(Lcom/google/inject/spi/BindingTargetVisitor;)Ljava/lang/Object; @ 2
Event: 5.755 Thread 0x000001c624840800 Uncommon trap: reason=array_check action=maybe_recompile pc=0x000001c626d4e8e8 method=java.util.TimSort.binarySort([Ljava/lang/Object;IIILjava/util/Comparator;)V @ 193
Event: 5.755 Thread 0x000001c624840800 Uncommon trap: reason=array_check action=maybe_recompile pc=0x000001c626d4e824 method=java.util.TimSort.binarySort([Ljava/lang/Object;IIILjava/util/Comparator;)V @ 215
Event: 5.755 Thread 0x000001c624840800 Uncommon trap: reason=array_check action=maybe_recompile pc=0x000001c626d4e8e8 method=java.util.TimSort.binarySort([Ljava/lang/Object;IIILjava/util/Comparator;)V @ 193
Event: 5.755 Thread 0x000001c624840800 Uncommon trap: reason=array_check action=maybe_recompile pc=0x000001c626d4e824 method=java.util.TimSort.binarySort([Ljava/lang/Object;IIILjava/util/Comparator;)V @ 215
Event: 5.771 Thread 0x000001c624840800 Uncommon trap: reason=array_check action=maybe_recompile pc=0x000001c626d4bf30 method=java.util.TimSort.binarySort([Ljava/lang/Object;IIILjava/util/Comparator;)V @ 183
Event: 5.771 Thread 0x000001c624840800 Uncommon trap: reason=array_check action=maybe_recompile pc=0x000001c626d4bf30 method=java.util.TimSort.binarySort([Ljava/lang/Object;IIILjava/util/Comparator;)V @ 183
Event: 5.819 Thread 0x000001c624840800 Uncommon trap: reason=unstable_if action=reinterpret pc=0x000001c626d502ac method=org.codehaus.plexus.classworlds.realm.Entry.matches(Ljava/lang/String;)Z @ 150
Event: 6.978 Thread 0x000001c624840800 Uncommon trap: reason=class_check action=maybe_recompile pc=0x000001c62684538c method=com.google.inject.internal.LinkedBindingImpl.acceptTargetVisitor(Lcom/google/inject/spi/BindingTargetVisitor;)Ljava/lang/Object; @ 2
Event: 6.978 Thread 0x000001c624840800 Uncommon trap: reason=class_check action=maybe_recompile pc=0x000001c62684538c method=com.google.inject.internal.LinkedBindingImpl.acceptTargetVisitor(Lcom/google/inject/spi/BindingTargetVisitor;)Ljava/lang/Object; @ 2

Classes redefined (0 events):
No events

Internal exceptions (10 events):
Event: 3.405 Thread 0x000001c624840800 Exception <a 'java/lang/NullPointerException'> (0x000000076bec9438) thrown at [C:\jenkins\workspace\8-2-build-windows-amd64-cygwin\jdk8u331\2416\hotspot\src\share\vm\interpreter\linkResolver.cpp, line 1185]
Event: 3.405 Thread 0x000001c624840800 Exception <a 'java/lang/NullPointerException'> (0x000000076bec9640) thrown at [C:\jenkins\workspace\8-2-build-windows-amd64-cygwin\jdk8u331\2416\hotspot\src\share\vm\interpreter\linkResolver.cpp, line 1185]
Event: 3.406 Thread 0x000001c624840800 Exception <a 'java/lang/NullPointerException'> (0x000000076bed0f50) thrown at [C:\jenkins\workspace\8-2-build-windows-amd64-cygwin\jdk8u331\2416\hotspot\src\share\vm\interpreter\linkResolver.cpp, line 1185]
Event: 3.406 Thread 0x000001c624840800 Exception <a 'java/lang/NullPointerException'> (0x000000076bed1158) thrown at [C:\jenkins\workspace\8-2-build-windows-amd64-cygwin\jdk8u331\2416\hotspot\src\share\vm\interpreter\linkResolver.cpp, line 1185]
Event: 3.406 Thread 0x000001c624840800 Exception <a 'java/lang/NullPointerException'> (0x000000076bed1360) thrown at [C:\jenkins\workspace\8-2-build-windows-amd64-cygwin\jdk8u331\2416\hotspot\src\share\vm\interpreter\linkResolver.cpp, line 1185]
Event: 3.906 Thread 0x000001c624840800 Implicit null exception at 0x000001c626938471 to 0x000001c6269397d5
Event: 4.174 Thread 0x000001c624840800 Implicit null exception at 0x000001c6266c3555 to 0x000001c6266c3759
Event: 4.175 Thread 0x000001c624840800 Implicit null exception at 0x000001c62661d1af to 0x000001c62661d219
Event: 5.831 Thread 0x000001c624840800 Exception <a 'java/lang/NoClassDefFoundError': org/codehaus/plexus/util/interpolation/ValueSource> (0x000000076e0c36f0) thrown at [C:\jenkins\workspace\8-2-build-windows-amd64-cygwin\jdk8u331\2416\hotspot\src\share\vm\classfile\systemDictionary.cpp, line 
Event: 5.837 Thread 0x000001c624840800 Exception <a 'java/lang/NoClassDefFoundError': org/sonatype/aether/version/VersionConstraint> (0x000000076e13c460) thrown at [C:\jenkins\workspace\8-2-build-windows-amd64-cygwin\jdk8u331\2416\hotspot\src\share\vm\classfile\systemDictionary.cpp, line 201]

Events (10 events):
Event: 6.976 loading class org/codehaus/plexus/util/cli/Commandline
Event: 6.976 loading class org/codehaus/plexus/util/cli/Commandline done
Event: 6.976 loading class org/codehaus/plexus/util/cli/Commandline
Event: 6.976 loading class org/codehaus/plexus/util/cli/Commandline done
Event: 6.978 Thread 0x000001c624840800 Uncommon trap: trap_request=0xffffffde fr.pc=0x000001c62684538c
Event: 6.978 Thread 0x000001c624840800 DEOPT PACKING pc=0x000001c62684538c sp=0x0000004de3dfd980
Event: 6.978 Thread 0x000001c624840800 DEOPT UNPACKING pc=0x000001c6263358c3 sp=0x0000004de3dfd910 mode 2
Event: 6.978 Thread 0x000001c624840800 Uncommon trap: trap_request=0xffffffde fr.pc=0x000001c62684538c
Event: 6.978 Thread 0x000001c624840800 DEOPT PACKING pc=0x000001c62684538c sp=0x0000004de3dfd980
Event: 6.978 Thread 0x000001c624840800 DEOPT UNPACKING pc=0x000001c6263358c3 sp=0x0000004de3dfd910 mode 2


Dynamic libraries:
0x00007ff7a6a80000 - 0x00007ff7a6ac7000 	C:\Program Files\Java\jdk1.8.0_331\bin\java.exe
0x00007ff956fd0000 - 0x00007ff957206000 	C:\WINDOWS\SYSTEM32\ntdll.dll
0x00007ff955390000 - 0x00007ff955459000 	C:\WINDOWS\System32\KERNEL32.DLL
0x00007ff9543d0000 - 0x00007ff95472e000 	C:\WINDOWS\System32\KERNELBASE.dll
0x00007ff951720000 - 0x00007ff9517bf000 	C:\WINDOWS\SYSTEM32\apphelp.dll
0x00007ff956a00000 - 0x00007ff956ab1000 	C:\WINDOWS\System32\ADVAPI32.dll
0x00007ff954f10000 - 0x00007ff954fb7000 	C:\WINDOWS\System32\msvcrt.dll
0x00007ff9559b0000 - 0x00007ff955a51000 	C:\WINDOWS\System32\sechost.dll
0x00007ff956e60000 - 0x00007ff956f86000 	C:\WINDOWS\System32\RPCRT4.dll
0x00007ff956ad0000 - 0x00007ff956c81000 	C:\WINDOWS\System32\USER32.dll
0x00007ff954d00000 - 0x00007ff954d27000 	C:\WINDOWS\System32\win32u.dll
0x00007ff9564d0000 - 0x00007ff9564fa000 	C:\WINDOWS\System32\GDI32.dll
0x00007ff954a50000 - 0x00007ff954b70000 	C:\WINDOWS\System32\gdi32full.dll
0x00007ff954d30000 - 0x00007ff954dd5000 	C:\WINDOWS\System32\msvcp_win.dll
0x00007ff9547c0000 - 0x00007ff9548f9000 	C:\WINDOWS\System32\ucrtbase.dll
0x00007ff92baf0000 - 0x00007ff92bd81000 	C:\WINDOWS\WinSxS\amd64_microsoft.windows.common-controls_6595b64144ccf1df_6.0.25941.1000_none_85049f4b47ff618a\COMCTL32.dll
0x00007ff955350000 - 0x00007ff955381000 	C:\WINDOWS\System32\IMM32.DLL
0x00007ff941fd0000 - 0x00007ff941fe5000 	C:\Program Files\Java\jdk1.8.0_331\jre\bin\vcruntime140.dll
0x00007ff941f30000 - 0x00007ff941fcb000 	C:\Program Files\Java\jdk1.8.0_331\jre\bin\msvcp140.dll
0x00000000559c0000 - 0x0000000056221000 	C:\Program Files\Java\jdk1.8.0_331\jre\bin\server\jvm.dll
0x00007ff954fc0000 - 0x00007ff954fc8000 	C:\WINDOWS\System32\PSAPI.DLL
0x00007ff9380c0000 - 0x00007ff9380ca000 	C:\WINDOWS\SYSTEM32\WSOCK32.dll
0x00007ff956980000 - 0x00007ff9569f4000 	C:\WINDOWS\System32\WS2_32.dll
0x00007ff94ceb0000 - 0x00007ff94cebb000 	C:\WINDOWS\SYSTEM32\VERSION.dll
0x00007ff9453d0000 - 0x00007ff945405000 	C:\WINDOWS\SYSTEM32\WINMM.dll
0x00007ff9532c0000 - 0x00007ff9532d9000 	C:\WINDOWS\SYSTEM32\kernel.appcore.dll
0x00007ff94f790000 - 0x00007ff94f7a0000 	C:\Program Files\Java\jdk1.8.0_331\jre\bin\verify.dll
0x00007ff941f00000 - 0x00007ff941f2b000 	C:\Program Files\Java\jdk1.8.0_331\jre\bin\java.dll
0x00007ff941ca0000 - 0x00007ff941cb8000 	C:\Program Files\Java\jdk1.8.0_331\jre\bin\zip.dll
0x00007ff955b70000 - 0x00007ff9562f7000 	C:\WINDOWS\System32\SHELL32.dll
0x00007ff952230000 - 0x00007ff952a7d000 	C:\WINDOWS\SYSTEM32\windows.storage.dll
0x00007ff954fd0000 - 0x00007ff955348000 	C:\WINDOWS\System32\combase.dll
0x00007ff9558d0000 - 0x00007ff9559a2000 	C:\WINDOWS\System32\SHCORE.dll
0x00007ff956c90000 - 0x00007ff956cec000 	C:\WINDOWS\System32\shlwapi.dll
0x00007ff9542f0000 - 0x00007ff954314000 	C:\WINDOWS\SYSTEM32\profapi.dll
0x0000000069ac0000 - 0x0000000069ae4000 	C:\Program Files\NetBeans-14\netbeans\java\maven\lib\jansi-native\Windows\x86_64\jansi.dll
0x00007ff93f900000 - 0x00007ff93fb36000 	C:\WINDOWS\SYSTEM32\dbghelp.dll
0x00007ff954de0000 - 0x00007ff954eb6000 	C:\WINDOWS\System32\OLEAUT32.dll
0x00007ff9549c0000 - 0x00007ff954a42000 	C:\WINDOWS\System32\bcryptPrimitives.dll

VM Arguments:
jvm_args: -Dclassworlds.conf=C:\Program Files\NetBeans-14\netbeans\java\maven\bin\m2.conf -Dmaven.home=C:\Program Files\NetBeans-14\netbeans\java\maven -Dlibrary.jansi.path=C:\Program Files\NetBeans-14\netbeans\java\maven\lib\jansi-native -Dmaven.multiModuleProjectDirectory=C:\Users\floyc\Documents\NetBeansProjects\Parcial 
java_command: org.codehaus.plexus.classworlds.launcher.Launcher -Dnetbeans.deploy=true -Dnetbeans.deploy.clientUrlPart=/WEB-INF/views/login.jsp -Dmaven.ext.class.path=C:\Program Files\NetBeans-14\netbeans\java\maven-nblib\netbeans-eventspy.jar package
java_class_path (initial): C:\Program Files\NetBeans-14\netbeans\java\maven\boot\plexus-classworlds-2.6.0.jar
Launcher Type: SUN_STANDARD

Environment Variables:
JAVA_HOME=C:\Program Files\Java\jdk1.8.0_331
PATH=C:\Program Files\Eclipse Adoptium\jdk-11.0.20.101-hotspot\bin;G:\DESCARGAS\WINDOWS.X64_193000_db_home\bin;C:\Program Files\Common Files\Oracle\Java\javapath;C:\Program Files (x86)\Common Files\Oracle\Java\javapath;C:\Program Files (x86)\Common Files\Intel\Shared Files\cpp\bin\Intel64;C:\Program Files (x86)\Common Files\Intel\Shared Libraries\redist\intel64\compiler;C:\ProgramData\Oracle\Java\javapath;C:\WINDOWS\system32;C:\WINDOWS;C:\WINDOWS\System32\Wbem;C:\WINDOWS\System32\WindowsPowerShell\v1.0\;C:\WINDOWS\System32\OpenSSH\;C:\Program Files (x86)\NVIDIA Corporation\PhysX\Common;C:\Program Files\Microsoft SQL Server\Client SDK\ODBC\170\Tools\Binn\;C:\Program Files (x86)\Microsoft SQL Server\150\Tools\Binn\;C:\Program Files\Microsoft SQL Server\150\Tools\Binn\;C:\Program Files\Microsoft SQL Server\150\DTS\Binn\;C:\Program Files\Azure Data Studio\bin;C:\Program Files (;C:\WINDOWS\system32;C:\WINDOWS;C:\WINDOWS\System32\Wbem;C:\WINDOWS\System32\WindowsPowerShell\v1.0\;C:\WINDOWS\System32\OpenSSH\;C:\Program Files\dotnet\;C:\Program Files\Microsoft SQL Server\130\Tools\Binn\;C:\Program Files\NVIDIA Corporation\NVIDIA NvDLISR;C:\Program Files\Eclipse Adoptium\jdk-11.0.20.101-hotspot\bin;C:\Program Files\Git\cmd;C:\Program Files\nodejs\;C:\Program Files\Eclipse Adoptium\jdk-11.0.20.101-hotspot;C:\Users\floyc\AppData\Roaming\npm;C:\Users\floyc\AppData\Local\Programs\Microsoft VS Code\bin
USERNAME=floyc
OS=Windows_NT
PROCESSOR_IDENTIFIER=Intel64 Family 6 Model 94 Stepping 3, GenuineIntel



---------------  S Y S T E M  ---------------

OS: Windows 11 , 64 bit Build 25941 (10.0.25941.1000)

CPU:total 4 (initial active 4) (4 cores per cpu, 1 threads per core) family 6 model 94 stepping 3, cmov, cx8, fxsr, mmx, sse, sse2, sse3, ssse3, sse4.1, sse4.2, popcnt, avx, avx2, aes, clmul, erms, rtm, 3dnowpref, lzcnt, tsc, tscinvbit, bmi1, bmi2, adx

Memory: 4k page, physical 16707516k(4023300k free), swap 29290428k(2920k free)

vm_info: Java HotSpot(TM) 64-Bit Server VM (25.331-b09) for windows-amd64 JRE (1.8.0_331-b09), built on Mar 10 2022 03:14:38 by "java_re" with MS VC++ 15.9 (VS2017)

time: Sat Oct  7 21:50:56 2023
timezone: Hora est. Pacífico, Sudamérica
elapsed time: 10.064578 seconds (0d 0h 0m 10s)

